#
# There is insufficient memory for the Java Runtime Environment to continue.
# Native memory allocation (malloc) failed to allocate 1498576 bytes for Chunk::new
# Possible reasons:
#   The system is out of physical RAM or swap space
#   The process is running with CompressedOops enabled, and the Java Heap may be blocking the growth of the native heap
# Possible solutions:
#   Reduce memory load on the system
#   Increase physical memory or swap space
#   Check if swap backing store is full
#   Decrease Java heap size (-Xmx/-Xms)
#   Decrease number of Java threads
#   Decrease Java thread stack sizes (-Xss)
#   Set larger code cache with -XX:ReservedCodeCacheSize=
#   JVM is running with Zero Based Compressed Oops mode in which the Java heap is
#     placed in the first 32GB address space. The Java Heap base address is the
#     maximum limit for the native heap growth. Please use -XX:HeapBaseMinAddress
#     to set the Java Heap base and to place the Java Heap above 32GB virtual address.
# This output file may be truncated or incomplete.
#
#  Out of Memory Error (allocation.cpp:389), pid=15408, tid=0x0000000000003540
#
# JRE version: Java(TM) SE Runtime Environment (8.0_311-b11) (build 1.8.0_311-b11)
# Java VM: Java HotSpot(TM) 64-Bit Server VM (25.311-b11 mixed mode windows-amd64 compressed oops)
# Failed to write core dump. Minidumps are not enabled by default on client versions of Windows
#

---------------  T H R E A D  ---------------

Current thread (0x0000026b39d80000):  JavaThread "C2 CompilerThread0" daemon [_thread_in_native, id=13632, stack(0x000000f7acb00000,0x000000f7acc00000)]

Stack: [0x000000f7acb00000,0x000000f7acc00000]
Native frames: (J=compiled Java code, j=interpreted, Vv=VM code, C=native code)
V  [jvm.dll+0x32f239]
V  [jvm.dll+0x275882]
V  [jvm.dll+0x27652d]
V  [jvm.dll+0x26cf65]
V  [jvm.dll+0xd558c]
V  [jvm.dll+0xd5d8c]
V  [jvm.dll+0x470b13]
V  [jvm.dll+0x438210]
V  [jvm.dll+0x441215]
V  [jvm.dll+0x4405d5]
V  [jvm.dll+0x42b38b]
V  [jvm.dll+0xac22b]
V  [jvm.dll+0xaa88b]
V  [jvm.dll+0x23df22]
V  [jvm.dll+0x29253c]
C  [ucrtbase.dll+0x21bb2]
C  [KERNEL32.DLL+0x17034]
C  [ntdll.dll+0x52651]


Current CompileTask:
C2: 153569 30004       4       org.objectweb.asm.ClassReader::accept (1250 bytes)


---------------  P R O C E S S  ---------------

Java Threads: ( => current thread )
  0x0000026b4b938800 JavaThread "WorkerExecutor Queue Thread 18" [_thread_blocked, id=7356, stack(0x000000f7ad300000,0x000000f7ad400000)]
  0x0000026b4b939000 JavaThread "WorkerExecutor Queue Thread 17" [_thread_blocked, id=2272, stack(0x000000f7abb00000,0x000000f7abc00000)]
  0x0000026b4b937800 JavaThread "WorkerExecutor Queue Thread 16" [_thread_blocked, id=4552, stack(0x000000f7aba00000,0x000000f7abb00000)]
  0x0000026b40090800 JavaThread "stdout" [_thread_in_native, id=18488, stack(0x000000f7b0900000,0x000000f7b0a00000)]
  0x0000026b40097800 JavaThread "stderr" [_thread_in_native, id=15420, stack(0x000000f7b0800000,0x000000f7b0900000)]
  0x0000026b40090000 JavaThread "stdout" [_thread_in_native, id=10420, stack(0x000000f7b0700000,0x000000f7b0800000)]
  0x0000026b40096800 JavaThread "stderr" [_thread_in_native, id=15160, stack(0x000000f7b0500000,0x000000f7b0600000)]
  0x0000026b3e8e7000 JavaThread "stdout" [_thread_in_native, id=8808, stack(0x000000f7b0100000,0x000000f7b0200000)]
  0x0000026b3e8e8800 JavaThread "stderr" [_thread_in_native, id=18760, stack(0x000000f7afe00000,0x000000f7aff00000)]
  0x0000026b3e8e5800 JavaThread "stdout" [_thread_in_native, id=13712, stack(0x000000f7afd00000,0x000000f7afe00000)]
  0x0000026b3e8e7800 JavaThread "stderr" [_thread_in_native, id=16636, stack(0x000000f7afb00000,0x000000f7afc00000)]
  0x0000026b3e8e6000 JavaThread "stdout" [_thread_in_native, id=15944, stack(0x000000f7af300000,0x000000f7af400000)]
  0x0000026b3e8e9000 JavaThread "stderr" [_thread_in_native, id=12528, stack(0x000000f7af000000,0x000000f7af100000)]
  0x0000026b3e8ec000 JavaThread "pool-4-thread-1" [_thread_blocked, id=6804, stack(0x000000f7aef00000,0x000000f7af000000)]
  0x0000026b3e8e0000 JavaThread "RMI TCP Connection(idle)" daemon [_thread_blocked, id=8540, stack(0x000000f7aee00000,0x000000f7aef00000)]
  0x0000026b41cfd000 JavaThread "WorkerExecutor Queue Thread 12" [_thread_blocked, id=8880, stack(0x000000f7aea00000,0x000000f7aeb00000)]
  0x0000026b41d05800 JavaThread "WorkerExecutor Queue Thread 11" [_thread_blocked, id=10632, stack(0x000000f7ae900000,0x000000f7aea00000)]
  0x0000026b41d01000 JavaThread "Cache worker for Java compile cache (D:\hales-sparrow\bchat-android\.gradle\6.7.1\javaCompile)" [_thread_blocked, id=5772, stack(0x000000f7ae500000,0x000000f7ae600000)]
  0x0000026b3e8e1800 JavaThread "RMI TCP Connection(idle)" daemon [_thread_blocked, id=6448, stack(0x000000f7b8400000,0x000000f7b8500000)]
  0x0000026b40095000 JavaThread "RMI Reaper" [_thread_blocked, id=7924, stack(0x000000f7b8100000,0x000000f7b8200000)]
  0x0000026b4b940800 JavaThread "RMI TCP Accept-0" daemon [_thread_in_native, id=13156, stack(0x000000f7b7f00000,0x000000f7b8000000)]
  0x0000026b4b93f000 JavaThread "GC Daemon" daemon [_thread_blocked, id=14432, stack(0x000000f7b7d00000,0x000000f7b7e00000)]
  0x0000026b4b937000 JavaThread "RMI Scheduler(0)" daemon [_thread_blocked, id=1336, stack(0x000000f7abc00000,0x000000f7abd00000)]
  0x0000026b41d00000 JavaThread "Cache worker for execution history cache (D:\hales-sparrow\bchat-android\.gradle\6.7.1\executionHistory)" [_thread_blocked, id=2032, stack(0x000000f7b7c00000,0x000000f7b7d00000)]
  0x0000026b41cff800 JavaThread "Execution worker for ':' Thread 7" [_thread_blocked, id=20384, stack(0x000000f7b7b00000,0x000000f7b7c00000)]
  0x0000026b41d03000 JavaThread "Execution worker for ':' Thread 6" [_thread_blocked, id=8952, stack(0x000000f7b7a00000,0x000000f7b7b00000)]
  0x0000026b41d02800 JavaThread "Execution worker for ':' Thread 5" [_thread_blocked, id=10944, stack(0x000000f7b7900000,0x000000f7b7a00000)]
  0x0000026b41cfe800 JavaThread "Execution worker for ':' Thread 4" [_thread_blocked, id=18032, stack(0x000000f7b7800000,0x000000f7b7900000)]
  0x0000026b4009f000 JavaThread "Execution worker for ':' Thread 3" [_thread_blocked, id=17976, stack(0x000000f7b7700000,0x000000f7b7800000)]
  0x0000026b4009e000 JavaThread "Execution worker for ':' Thread 2" [_thread_blocked, id=12372, stack(0x000000f7b7600000,0x000000f7b7700000)]
  0x0000026b4009d800 JavaThread "Execution worker for ':'" [_thread_blocked, id=8676, stack(0x000000f7b0600000,0x000000f7b0700000)]
  0x0000026b4009c800 JavaThread "build event listener" [_thread_blocked, id=1304, stack(0x000000f7b0400000,0x000000f7b0500000)]
  0x0000026b40098000 JavaThread "build event listener" [_thread_blocked, id=17348, stack(0x000000f7b0200000,0x000000f7b0300000)]
  0x0000026b41d01800 JavaThread "Cache worker for Build Output Cleanup Cache (D:\hales-sparrow\bchat-android\.gradle\buildOutputCleanup)" [_thread_blocked, id=20204, stack(0x000000f7ae700000,0x000000f7ae800000)]
  0x0000026b41029800 JavaThread "Build operations Thread 8" [_thread_blocked, id=8868, stack(0x000000f7afa00000,0x000000f7afb00000)]
  0x0000026b41025000 JavaThread "Build operations Thread 7" [_thread_blocked, id=7548, stack(0x000000f7af900000,0x000000f7afa00000)]
  0x0000026b41028000 JavaThread "Build operations Thread 6" [_thread_blocked, id=12640, stack(0x000000f7af800000,0x000000f7af900000)]
  0x0000026b3e8eb800 JavaThread "Build operations Thread 5" [_thread_blocked, id=19068, stack(0x000000f7af700000,0x000000f7af800000)]
  0x0000026b3e8ea800 JavaThread "Build operations Thread 4" [_thread_in_Java, id=15388, stack(0x000000f7af600000,0x000000f7af700000)]
  0x0000026b3e8ed000 JavaThread "Build operations Thread 3" [_thread_blocked, id=17700, stack(0x000000f7af500000,0x000000f7af600000)]
  0x0000026b3e8ef000 JavaThread "Build operations Thread 2" [_thread_blocked, id=15916, stack(0x000000f7af400000,0x000000f7af500000)]
  0x0000026b3e8ee800 JavaThread "Cache worker for Java compile cache (C:\Users\ms\.gradle\caches\6.7.1\javaCompile)" [_thread_blocked, id=8260, stack(0x000000f7af200000,0x000000f7af300000)]
  0x0000026b3e8ea000 JavaThread "Build operations" [_thread_blocked, id=17324, stack(0x000000f7af100000,0x000000f7af200000)]
  0x0000026b3e8e4800 JavaThread "Memory manager" [_thread_blocked, id=11828, stack(0x000000f7ae800000,0x000000f7ae900000)]
  0x0000026b3d244800 JavaThread "Cache worker for file content cache (C:\Users\ms\.gradle\caches\6.7.1\fileContent)" [_thread_blocked, id=1256, stack(0x000000f7ae600000,0x000000f7ae700000)]
  0x0000026b3d243000 JavaThread "Cache worker for execution history cache (C:\Users\ms\.gradle\caches\6.7.1\executionHistory)" [_thread_blocked, id=18900, stack(0x000000f7ae400000,0x000000f7ae500000)]
  0x0000026b3d249000 JavaThread "Cache worker for cache directory md-rule (C:\Users\ms\.gradle\caches\6.7.1\md-rule)" [_thread_blocked, id=12728, stack(0x000000f7ae300000,0x000000f7ae400000)]
  0x0000026b3d242000 JavaThread "Cache worker for cache directory md-supplier (C:\Users\ms\.gradle\caches\6.7.1\md-supplier)" [_thread_blocked, id=13968, stack(0x000000f7ae200000,0x000000f7ae300000)]
  0x0000026b3d247800 JavaThread "Cache worker for checksums cache (D:\hales-sparrow\bchat-android\.gradle\checksums)" [_thread_blocked, id=7368, stack(0x000000f7ae100000,0x000000f7ae200000)]
  0x0000026b3d245000 JavaThread "Cache worker for file hash cache (D:\hales-sparrow\bchat-android\.gradle\6.7.1\fileHashes)" [_thread_blocked, id=15780, stack(0x000000f7ae000000,0x000000f7ae100000)]
  0x0000026b3d246800 JavaThread "Cache worker for journal cache (C:\Users\ms\.gradle\caches\journal-1)" [_thread_blocked, id=18144, stack(0x000000f7adf00000,0x000000f7ae000000)]
  0x0000026b3d243800 JavaThread "File lock request listener" [_thread_in_native, id=17692, stack(0x000000f7ade00000,0x000000f7adf00000)]
  0x0000026b3d246000 JavaThread "Cache worker for file hash cache (C:\Users\ms\.gradle\caches\6.7.1\fileHashes)" [_thread_blocked, id=16372, stack(0x000000f7add00000,0x000000f7ade00000)]
  0x0000026b3d13a800 JavaThread "Thread-9" [_thread_blocked, id=1884, stack(0x000000f7adc00000,0x000000f7add00000)]
  0x0000026b3d139800 JavaThread "Stdin handler" [_thread_blocked, id=15728, stack(0x000000f7adb00000,0x000000f7adc00000)]
  0x0000026b3d141800 JavaThread "Asynchronous log dispatcher for DefaultDaemonConnection: socket connection from /127.0.0.1:56823 to /127.0.0.1:56824" [_thread_blocked, id=18512, stack(0x000000f7ada00000,0x000000f7adb00000)]
  0x0000026b3cf5d800 JavaThread "Daemon worker" [_thread_blocked, id=17448, stack(0x000000f7ad900000,0x000000f7ada00000)]
  0x0000026b3cf5c800 JavaThread "Cancel handler" [_thread_blocked, id=14800, stack(0x000000f7ad800000,0x000000f7ad900000)]
  0x0000026b3d106000 JavaThread "Handler for socket connection from /127.0.0.1:56823 to /127.0.0.1:56824" [_thread_in_native, id=1944, stack(0x000000f7ad700000,0x000000f7ad800000)]
  0x0000026b3d104800 JavaThread "Daemon" [_thread_blocked, id=19976, stack(0x000000f7ad600000,0x000000f7ad700000)]
  0x0000026b3d08d800 JavaThread "Daemon periodic checks" [_thread_blocked, id=14532, stack(0x000000f7ad500000,0x000000f7ad600000)]
  0x0000026b3d088800 JavaThread "Incoming local TCP Connector on port 56823" [_thread_in_native, id=19344, stack(0x000000f7ad400000,0x000000f7ad500000)]
  0x0000026b3b4eb800 JavaThread "Daemon health stats" [_thread_blocked, id=12668, stack(0x000000f7ad100000,0x000000f7ad200000)]
  0x0000026b3b140800 JavaThread "Service Thread" daemon [_thread_blocked, id=7460, stack(0x000000f7acf00000,0x000000f7ad000000)]
  0x0000026b39d8f800 JavaThread "C1 CompilerThread3" daemon [_thread_blocked, id=19768, stack(0x000000f7ace00000,0x000000f7acf00000)]
  0x0000026b39d8c800 JavaThread "C2 CompilerThread2" daemon [_thread_blocked, id=9480, stack(0x000000f7acd00000,0x000000f7ace00000)]
  0x0000026b39d8b800 JavaThread "C2 CompilerThread1" daemon [_thread_blocked, id=14896, stack(0x000000f7acc00000,0x000000f7acd00000)]
=>0x0000026b39d80000 JavaThread "C2 CompilerThread0" daemon [_thread_in_native, id=13632, stack(0x000000f7acb00000,0x000000f7acc00000)]
  0x0000026b39d7f800 JavaThread "Attach Listener" daemon [_thread_blocked, id=19796, stack(0x000000f7aca00000,0x000000f7acb00000)]
  0x0000026b39d84800 JavaThread "Signal Dispatcher" daemon [_thread_blocked, id=18208, stack(0x000000f7ac900000,0x000000f7aca00000)]
  0x0000026b39169000 JavaThread "Finalizer" daemon [_thread_blocked, id=15020, stack(0x000000f7ac800000,0x000000f7ac900000)]
  0x0000026b39d59800 JavaThread "Reference Handler" daemon [_thread_blocked, id=20460, stack(0x000000f7ac700000,0x000000f7ac800000)]
  0x0000026b1e67f000 JavaThread "main" [_thread_blocked, id=1108, stack(0x000000f7abd00000,0x000000f7abe00000)]

Other Threads:
  0x0000026b39d32800 VMThread [stack: 0x000000f7ac600000,0x000000f7ac700000] [id=7516]
  0x0000026b39e0d000 WatcherThread [stack: 0x000000f7ad000000,0x000000f7ad100000] [id=3940]

VM state:not at safepoint (normal execution)

VM Mutex/Monitor currently owned by a thread: None

heap address: 0x00000006c0000000, size: 4096 MB, Compressed Oops mode: Zero based, Oop shift amount: 3
Narrow klass base: 0x0000000000000000, Narrow klass shift: 3
Compressed class space size: 1073741824 Address: 0x00000007c0000000

Heap:
 PSYoungGen      total 1181696K, used 794760K [0x000000076ab00000, 0x00000007bfa00000, 0x00000007c0000000)
  eden space 1124352K, 68% used [0x000000076ab00000,0x00000007999b9ed0,0x00000007af500000)
  from space 57344K, 45% used [0x00000007af500000,0x00000007b0e68338,0x00000007b2d00000)
  to   space 54784K, 0% used [0x00000007bc480000,0x00000007bc480000,0x00000007bfa00000)
 ParOldGen       total 326144K, used 200861K [0x00000006c0000000, 0x00000006d3e80000, 0x000000076ab00000)
  object space 326144K, 61% used [0x00000006c0000000,0x00000006cc427758,0x00000006d3e80000)
 Metaspace       used 124519K, capacity 129938K, committed 129984K, reserved 1163264K
  class space    used 15832K, capacity 16835K, committed 16872K, reserved 1048576K

Card table byte_map: [0x0000026b2f2b0000,0x0000026b2fac0000] byte_map_base: 0x0000026b2bcb0000

Marking Bits: (ParMarkBitMap*) 0x0000000069bc8030
 Begin Bits: [0x0000026b30020000, 0x0000026b34020000)
 End Bits:   [0x0000026b34020000, 0x0000026b38020000)

Polling page: 0x0000026b1e600000

CodeCache: size=245760Kb used=85712Kb max_used=85721Kb free=160047Kb
 bounds [0x0000026b1fef0000, 0x0000026b25350000, 0x0000026b2eef0000]
 total_blobs=24044 nmethods=23059 adapters=896
 compilation: enabled

Compilation events (10 events):
Event: 153.015 Thread 0x0000026b39d8c800 nmethod 29997 0x0000026b248b77d0 code [0x0000026b248b7940, 0x0000026b248b7b78]
Event: 153.027 Thread 0x0000026b39d8b800 30000       4       org.gradle.api.internal.artifacts.transform.DefaultExecutionGraphDependenciesResolver$FinalizeTransformDependencies::getProject (13 bytes)
Event: 153.031 Thread 0x0000026b39d8f800 30001       3       org.gradle.internal.fingerprint.impl.NameOnlyFingerprintingStrategy$1::<init> (25 bytes)
Event: 153.032 Thread 0x0000026b39d8f800 nmethod 30001 0x0000026b248b5ed0 code [0x0000026b248b6020, 0x0000026b248b6238]
Event: 153.033 Thread 0x0000026b39d8b800 nmethod 30000 0x0000026b248b2f90 code [0x0000026b248b30e0, 0x0000026b248b3178]
Event: 153.062 Thread 0x0000026b39d8f800 30002       3       org.gradle.internal.fingerprint.impl.NameOnlyFingerprintingStrategy::getHashingStrategy (4 bytes)
Event: 153.063 Thread 0x0000026b39d8f800 nmethod 30002 0x0000026b248b2c50 code [0x0000026b248b2da0, 0x0000026b248b2ef8]
Event: 153.285 Thread 0x0000026b39d8f800 30003       3       org.objectweb.asm.ClassVisitor::visitSource (17 bytes)
Event: 153.286 Thread 0x0000026b39d8f800 nmethod 30003 0x0000026b248b2790 code [0x0000026b248b2900, 0x0000026b248b2b70]
Event: 153.356 Thread 0x0000026b39d80000 30004       4       org.objectweb.asm.ClassReader::accept (1250 bytes)

GC Heap History (10 events):
Event: 60.734 GC heap before
{Heap before GC invocations=30 (full 5):
 PSYoungGen      total 916480K, used 863744K [0x000000076ab00000, 0x00000007a6480000, 0x00000007c0000000)
  eden space 863744K, 100% used [0x000000076ab00000,0x000000079f680000,0x000000079f680000)
  from space 52736K, 0% used [0x00000007a2a00000,0x00000007a2a00000,0x00000007a5d80000)
  to   space 52736K, 0% used [0x000000079f680000,0x000000079f680000,0x00000007a2a00000)
 ParOldGen       total 326144K, used 170692K [0x00000006c0000000, 0x00000006d3e80000, 0x000000076ab00000)
  object space 326144K, 52% used [0x00000006c0000000,0x00000006ca6b1048,0x00000006d3e80000)
 Metaspace       used 116652K, capacity 121722K, committed 122048K, reserved 1155072K
  class space    used 15098K, capacity 16045K, committed 16104K, reserved 1048576K
Event: 60.882 GC heap after
Heap after GC invocations=30 (full 5):
 PSYoungGen      total 916480K, used 28456K [0x000000076ab00000, 0x00000007ac580000, 0x00000007c0000000)
  eden space 863744K, 0% used [0x000000076ab00000,0x000000076ab00000,0x000000079f680000)
  from space 52736K, 53% used [0x000000079f680000,0x00000007a124a1e0,0x00000007a2a00000)
  to   space 51712K, 0% used [0x00000007a9300000,0x00000007a9300000,0x00000007ac580000)
 ParOldGen       total 326144K, used 170716K [0x00000006c0000000, 0x00000006d3e80000, 0x000000076ab00000)
  object space 326144K, 52% used [0x00000006c0000000,0x00000006ca6b7048,0x00000006d3e80000)
 Metaspace       used 116652K, capacity 121722K, committed 122048K, reserved 1155072K
  class space    used 15098K, capacity 16045K, committed 16104K, reserved 1048576K
}
Event: 61.184 GC heap before
{Heap before GC invocations=31 (full 5):
 PSYoungGen      total 916480K, used 892200K [0x000000076ab00000, 0x00000007ac580000, 0x00000007c0000000)
  eden space 863744K, 100% used [0x000000076ab00000,0x000000079f680000,0x000000079f680000)
  from space 52736K, 53% used [0x000000079f680000,0x00000007a124a1e0,0x00000007a2a00000)
  to   space 51712K, 0% used [0x00000007a9300000,0x00000007a9300000,0x00000007ac580000)
 ParOldGen       total 326144K, used 170716K [0x00000006c0000000, 0x00000006d3e80000, 0x000000076ab00000)
  object space 326144K, 52% used [0x00000006c0000000,0x00000006ca6b7048,0x00000006d3e80000)
 Metaspace       used 116743K, capacity 121850K, committed 122048K, reserved 1155072K
  class space    used 15098K, capacity 16045K, committed 16104K, reserved 1048576K
Event: 61.263 GC heap after
Heap after GC invocations=31 (full 5):
 PSYoungGen      total 1023488K, used 31279K [0x000000076ab00000, 0x00000007afd80000, 0x00000007c0000000)
  eden space 971776K, 0% used [0x000000076ab00000,0x000000076ab00000,0x00000007a6000000)
  from space 51712K, 60% used [0x00000007a9300000,0x00000007ab18bcd8,0x00000007ac580000)
  to   space 52224K, 0% used [0x00000007a6000000,0x00000007a6000000,0x00000007a9300000)
 ParOldGen       total 326144K, used 170735K [0x00000006c0000000, 0x00000006d3e80000, 0x000000076ab00000)
  object space 326144K, 52% used [0x00000006c0000000,0x00000006ca6bbc78,0x00000006d3e80000)
 Metaspace       used 116743K, capacity 121850K, committed 122048K, reserved 1155072K
  class space    used 15098K, capacity 16045K, committed 16104K, reserved 1048576K
}
Event: 64.002 GC heap before
{Heap before GC invocations=32 (full 5):
 PSYoungGen      total 1023488K, used 1003055K [0x000000076ab00000, 0x00000007afd80000, 0x00000007c0000000)
  eden space 971776K, 100% used [0x000000076ab00000,0x00000007a6000000,0x00000007a6000000)
  from space 51712K, 60% used [0x00000007a9300000,0x00000007ab18bcd8,0x00000007ac580000)
  to   space 52224K, 0% used [0x00000007a6000000,0x00000007a6000000,0x00000007a9300000)
 ParOldGen       total 326144K, used 170735K [0x00000006c0000000, 0x00000006d3e80000, 0x000000076ab00000)
  object space 326144K, 52% used [0x00000006c0000000,0x00000006ca6bbc78,0x00000006d3e80000)
 Metaspace       used 118585K, capacity 123726K, committed 123840K, reserved 1157120K
  class space    used 15329K, capacity 16315K, committed 16360K, reserved 1048576K
Event: 64.054 GC heap after
Heap after GC invocations=32 (full 5):
 PSYoungGen      total 1024000K, used 6299K [0x000000076ab00000, 0x00000007b6d00000, 0x00000007c0000000)
  eden space 971776K, 0% used [0x000000076ab00000,0x000000076ab00000,0x00000007a6000000)
  from space 52224K, 12% used [0x00000007a6000000,0x00000007a6626e40,0x00000007a9300000)
  to   space 52224K, 0% used [0x00000007b3a00000,0x00000007b3a00000,0x00000007b6d00000)
 ParOldGen       total 326144K, used 180788K [0x00000006c0000000, 0x00000006d3e80000, 0x000000076ab00000)
  object space 326144K, 55% used [0x00000006c0000000,0x00000006cb08d208,0x00000006d3e80000)
 Metaspace       used 118585K, capacity 123726K, committed 123840K, reserved 1157120K
  class space    used 15329K, capacity 16315K, committed 16360K, reserved 1048576K
}
Event: 90.841 GC heap before
{Heap before GC invocations=33 (full 5):
 PSYoungGen      total 1024000K, used 978070K [0x000000076ab00000, 0x00000007b6d00000, 0x00000007c0000000)
  eden space 971776K, 99% used [0x000000076ab00000,0x00000007a5ffeba8,0x00000007a6000000)
  from space 52224K, 12% used [0x00000007a6000000,0x00000007a6626e40,0x00000007a9300000)
  to   space 52224K, 0% used [0x00000007b3a00000,0x00000007b3a00000,0x00000007b6d00000)
 ParOldGen       total 326144K, used 180788K [0x00000006c0000000, 0x00000006d3e80000, 0x000000076ab00000)
  object space 326144K, 55% used [0x00000006c0000000,0x00000006cb08d208,0x00000006d3e80000)
 Metaspace       used 123239K, capacity 128454K, committed 128576K, reserved 1161216K
  class space    used 15734K, capacity 16713K, committed 16744K, reserved 1048576K
Event: 90.991 GC heap after
Heap after GC invocations=33 (full 5):
 PSYoungGen      total 1168384K, used 42964K [0x000000076ab00000, 0x00000007b6500000, 0x00000007c0000000)
  eden space 1124352K, 0% used [0x000000076ab00000,0x000000076ab00000,0x00000007af500000)
  from space 44032K, 97% used [0x00000007b3a00000,0x00000007b63f5258,0x00000007b6500000)
  to   space 57344K, 0% used [0x00000007af500000,0x00000007af500000,0x00000007b2d00000)
 ParOldGen       total 326144K, used 184686K [0x00000006c0000000, 0x00000006d3e80000, 0x000000076ab00000)
  object space 326144K, 56% used [0x00000006c0000000,0x00000006cb45b878,0x00000006d3e80000)
 Metaspace       used 123239K, capacity 128454K, committed 128576K, reserved 1161216K
  class space    used 15734K, capacity 16713K, committed 16744K, reserved 1048576K
}
Event: 150.114 GC heap before
{Heap before GC invocations=34 (full 5):
 PSYoungGen      total 1168384K, used 1167316K [0x000000076ab00000, 0x00000007b6500000, 0x00000007c0000000)
  eden space 1124352K, 100% used [0x000000076ab00000,0x00000007af500000,0x00000007af500000)
  from space 44032K, 97% used [0x00000007b3a00000,0x00000007b63f5258,0x00000007b6500000)
  to   space 57344K, 0% used [0x00000007af500000,0x00000007af500000,0x00000007b2d00000)
 ParOldGen       total 326144K, used 184686K [0x00000006c0000000, 0x00000006d3e80000, 0x000000076ab00000)
  object space 326144K, 56% used [0x00000006c0000000,0x00000006cb45b878,0x00000006d3e80000)
 Metaspace       used 124418K, capacity 129790K, committed 129984K, reserved 1163264K
  class space    used 15826K, capacity 16833K, committed 16872K, reserved 1048576K
Event: 150.710 GC heap after
Heap after GC invocations=34 (full 5):
 PSYoungGen      total 1181696K, used 26016K [0x000000076ab00000, 0x00000007bfa00000, 0x00000007c0000000)
  eden space 1124352K, 0% used [0x000000076ab00000,0x000000076ab00000,0x00000007af500000)
  from space 57344K, 45% used [0x00000007af500000,0x00000007b0e68338,0x00000007b2d00000)
  to   space 54784K, 0% used [0x00000007bc480000,0x00000007bc480000,0x00000007bfa00000)
 ParOldGen       total 326144K, used 200861K [0x00000006c0000000, 0x00000006d3e80000, 0x000000076ab00000)
  object space 326144K, 61% used [0x00000006c0000000,0x00000006cc427758,0x00000006d3e80000)
 Metaspace       used 124418K, capacity 129790K, committed 129984K, reserved 1163264K
  class space    used 15826K, capacity 16833K, committed 16872K, reserved 1048576K
}

Deoptimization events (10 events):
Event: 151.667 Thread 0x0000026b41cfd000 Uncommon trap: reason=unstable_if action=reinterpret pc=0x0000026b24700ab4 method=com.google.common.base.CharMatcher$IsEither.matches(C)Z @ 13
Event: 151.667 Thread 0x0000026b41cfd000 Uncommon trap: reason=unstable_if action=reinterpret pc=0x0000026b20ded438 method=com.google.common.base.CharMatcher$IsEither.matches(C)Z @ 13
Event: 151.668 Thread 0x0000026b41cfd000 Uncommon trap: reason=unstable_if action=reinterpret pc=0x0000026b23b1dda4 method=com.google.common.base.CharMatcher$IsEither.matches(C)Z @ 13
Event: 151.670 Thread 0x0000026b41cfd000 Uncommon trap: reason=unstable_if action=reinterpret pc=0x0000026b2385b42c method=org.objectweb.asm.MethodWriter.visitLdcInsn(Ljava/lang/Object;)V @ 199
Event: 151.954 Thread 0x0000026b41cfd000 Uncommon trap: reason=class_check action=maybe_recompile pc=0x0000026b2385c888 method=com.google.common.collect.ImmutableMap.values()Lcom/google/common/collect/ImmutableCollection; @ 11
Event: 152.057 Thread 0x0000026b41d05800 Uncommon trap: reason=unstable_if action=reinterpret pc=0x0000026b2252cab8 method=org.gradle.internal.operations.BuildOperationDescriptor$Builder.build(Lorg/gradle/internal/operations/OperationIdentifier;Lorg/gradle/internal/operations/OperationIdentifier
Event: 152.914 Thread 0x0000026b3e8ed000 Uncommon trap: reason=unstable_if action=reinterpret pc=0x0000026b252b4adc method=org.objectweb.asm.ClassReader.accept(Lorg/objectweb/asm/ClassVisitor;[Lorg/objectweb/asm/Attribute;I)V @ 519
Event: 152.930 Thread 0x0000026b41029800 Uncommon trap: reason=predicate action=maybe_recompile pc=0x0000026b25092f4c method=java.util.ComparableTimSort.mergeLo(IIII)V @ 147
Event: 152.931 Thread 0x0000026b41029800 Uncommon trap: reason=array_check action=maybe_recompile pc=0x0000026b2507ef94 method=java.util.ComparableTimSort.mergeHi(IIII)V @ 521
Event: 153.021 Thread 0x0000026b3e8ed000 Uncommon trap: reason=array_check action=maybe_recompile pc=0x0000026b2507ef94 method=java.util.ComparableTimSort.mergeHi(IIII)V @ 521

Classes redefined (0 events):
No events

Internal exceptions (10 events):
Event: 151.660 Thread 0x0000026b41cfd000 Exception <a 'sun/nio/fs/WindowsException'> (0x00000007765aa4d8) thrown at [C:\jenkins\workspace\8-2-build-windows-amd64-cygwin\jdk8u311\1894\hotspot\src\share\vm\prims\jni.cpp, line 710]
Event: 151.660 Thread 0x0000026b41cfd000 Exception <a 'sun/nio/fs/WindowsException'> (0x00000007765aacf0) thrown at [C:\jenkins\workspace\8-2-build-windows-amd64-cygwin\jdk8u311\1894\hotspot\src\share\vm\prims\jni.cpp, line 710]
Event: 151.660 Thread 0x0000026b41cfd000 Exception <a 'sun/nio/fs/WindowsException'> (0x00000007765ab360) thrown at [C:\jenkins\workspace\8-2-build-windows-amd64-cygwin\jdk8u311\1894\hotspot\src\share\vm\prims\jni.cpp, line 710]
Event: 152.703 Thread 0x0000026b41028000 Exception <a 'sun/nio/fs/WindowsException'> (0x00000007869cd950) thrown at [C:\jenkins\workspace\8-2-build-windows-amd64-cygwin\jdk8u311\1894\hotspot\src\share\vm\prims\jni.cpp, line 710]
Event: 152.819 Thread 0x0000026b3e8ea000 Exception <a 'sun/nio/fs/WindowsException'> (0x0000000788db8e30) thrown at [C:\jenkins\workspace\8-2-build-windows-amd64-cygwin\jdk8u311\1894\hotspot\src\share\vm\prims\jni.cpp, line 710]
Event: 152.830 Thread 0x0000026b3e8ef000 Exception <a 'sun/nio/fs/WindowsException'> (0x0000000789fbb750) thrown at [C:\jenkins\workspace\8-2-build-windows-amd64-cygwin\jdk8u311\1894\hotspot\src\share\vm\prims\jni.cpp, line 710]
Event: 152.839 Thread 0x0000026b3e8eb800 Exception <a 'sun/nio/fs/WindowsException'> (0x0000000789908f60) thrown at [C:\jenkins\workspace\8-2-build-windows-amd64-cygwin\jdk8u311\1894\hotspot\src\share\vm\prims\jni.cpp, line 710]
Event: 152.912 Thread 0x0000026b41029800 Exception <a 'sun/nio/fs/WindowsException'> (0x000000078c326420) thrown at [C:\jenkins\workspace\8-2-build-windows-amd64-cygwin\jdk8u311\1894\hotspot\src\share\vm\prims\jni.cpp, line 710]
Event: 153.005 Thread 0x0000026b3e8ed000 Exception <a 'sun/nio/fs/WindowsException'> (0x000000078dbbd270) thrown at [C:\jenkins\workspace\8-2-build-windows-amd64-cygwin\jdk8u311\1894\hotspot\src\share\vm\prims\jni.cpp, line 710]
Event: 153.035 Thread 0x0000026b41d02800 Exception <a 'sun/nio/fs/WindowsException'> (0x00000007885e23a8) thrown at [C:\jenkins\workspace\8-2-build-windows-amd64-cygwin\jdk8u311\1894\hotspot\src\share\vm\prims\jni.cpp, line 710]

Events (10 events):
Event: 152.918 Thread 0x0000026b3e8ed000 DEOPT UNPACKING pc=0x0000026b1ff37918 sp=0x000000f7af5fb5f8 mode 0
Event: 152.929 Thread 0x0000026b41029800 Uncommon trap: trap_request=0xffffff86 fr.pc=0x0000026b25092f4c
Event: 152.930 Thread 0x0000026b41029800 DEOPT PACKING pc=0x0000026b25092f4c sp=0x000000f7afafc4c0
Event: 152.930 Thread 0x0000026b41029800 DEOPT UNPACKING pc=0x0000026b1ff358c3 sp=0x000000f7afafc4b8 mode 2
Event: 152.931 Thread 0x0000026b41029800 Uncommon trap: trap_request=0xffffffd6 fr.pc=0x0000026b2507ef94
Event: 152.931 Thread 0x0000026b41029800 DEOPT PACKING pc=0x0000026b2507ef94 sp=0x000000f7afafc4b0
Event: 152.932 Thread 0x0000026b41029800 DEOPT UNPACKING pc=0x0000026b1ff358c3 sp=0x000000f7afafc498 mode 2
Event: 153.021 Thread 0x0000026b3e8ed000 Uncommon trap: trap_request=0xffffffd6 fr.pc=0x0000026b2507ef94
Event: 153.021 Thread 0x0000026b3e8ed000 DEOPT PACKING pc=0x0000026b2507ef94 sp=0x000000f7af5fc370
Event: 153.021 Thread 0x0000026b3e8ed000 DEOPT UNPACKING pc=0x0000026b1ff358c3 sp=0x000000f7af5fc358 mode 2


Dynamic libraries:
0x00007ff7ec8d0000 - 0x00007ff7ec917000 	C:\Program Files\Java\jdk1.8.0_311\bin\java.exe
0x00007ffb321b0000 - 0x00007ffb323a5000 	C:\Windows\SYSTEM32\ntdll.dll
0x00007ffb30850000 - 0x00007ffb3090e000 	C:\Windows\System32\KERNEL32.DLL
0x00007ffb2ff40000 - 0x00007ffb30208000 	C:\Windows\System32\KERNELBASE.dll
0x00007ffb30210000 - 0x00007ffb302be000 	C:\Windows\System32\ADVAPI32.dll
0x00007ffb30c00000 - 0x00007ffb30c9e000 	C:\Windows\System32\msvcrt.dll
0x00007ffb30320000 - 0x00007ffb303bc000 	C:\Windows\System32\sechost.dll
0x00007ffb31620000 - 0x00007ffb31745000 	C:\Windows\System32\RPCRT4.dll
0x00007ffb30cd0000 - 0x00007ffb30e70000 	C:\Windows\System32\USER32.dll
0x00007ffb2f8d0000 - 0x00007ffb2f8f2000 	C:\Windows\System32\win32u.dll
0x00007ffb32010000 - 0x00007ffb3203a000 	C:\Windows\System32\GDI32.dll
0x00007ffb2fad0000 - 0x00007ffb2fbdb000 	C:\Windows\System32\gdi32full.dll
0x00007ffb2fa30000 - 0x00007ffb2facd000 	C:\Windows\System32\msvcp_win.dll
0x00007ffb2fbe0000 - 0x00007ffb2fce0000 	C:\Windows\System32\ucrtbase.dll
0x00007ffb148d0000 - 0x00007ffb14b6a000 	C:\Windows\WinSxS\amd64_microsoft.windows.common-controls_6595b64144ccf1df_6.0.19041.1110_none_60b5254171f9507e\COMCTL32.dll
0x00007ffb30ca0000 - 0x00007ffb30cd0000 	C:\Windows\System32\IMM32.DLL
0x00007ffb1b690000 - 0x00007ffb1b6a5000 	C:\Program Files\Java\jdk1.8.0_311\jre\bin\vcruntime140.dll
0x00007ffb082f0000 - 0x00007ffb0838b000 	C:\Program Files\Java\jdk1.8.0_311\jre\bin\msvcp140.dll
0x00000000693e0000 - 0x0000000069c40000 	C:\Program Files\Java\jdk1.8.0_311\jre\bin\server\jvm.dll
0x00007ffb309f0000 - 0x00007ffb309f8000 	C:\Windows\System32\PSAPI.DLL
0x00007ffb26e20000 - 0x00007ffb26e2a000 	C:\Windows\SYSTEM32\VERSION.dll
0x00007ffb20ab0000 - 0x00007ffb20ab9000 	C:\Windows\SYSTEM32\WSOCK32.dll
0x00007ffb31030000 - 0x00007ffb3109b000 	C:\Windows\System32\WS2_32.dll
0x00007ffb1abf0000 - 0x00007ffb1ac17000 	C:\Windows\SYSTEM32\WINMM.dll
0x00007ffb2e180000 - 0x00007ffb2e192000 	C:\Windows\SYSTEM32\kernel.appcore.dll
0x00007ffb1b680000 - 0x00007ffb1b690000 	C:\Program Files\Java\jdk1.8.0_311\jre\bin\verify.dll
0x00007ffb1ae50000 - 0x00007ffb1ae7b000 	C:\Program Files\Java\jdk1.8.0_311\jre\bin\java.dll
0x00007ffb1aed0000 - 0x00007ffb1aee8000 	C:\Program Files\Java\jdk1.8.0_311\jre\bin\zip.dll
0x00007ffb31800000 - 0x00007ffb31f44000 	C:\Windows\System32\SHELL32.dll
0x00007ffb2d9d0000 - 0x00007ffb2e164000 	C:\Windows\SYSTEM32\windows.storage.dll
0x00007ffb31260000 - 0x00007ffb315b4000 	C:\Windows\System32\combase.dll
0x00007ffb2f340000 - 0x00007ffb2f36c000 	C:\Windows\SYSTEM32\Wldp.dll
0x00007ffb30a80000 - 0x00007ffb30b2d000 	C:\Windows\System32\SHCORE.dll
0x00007ffb31f50000 - 0x00007ffb31fa5000 	C:\Windows\System32\shlwapi.dll
0x00007ffb2f810000 - 0x00007ffb2f82f000 	C:\Windows\SYSTEM32\profapi.dll
0x00007ffb191b0000 - 0x00007ffb191cc000 	C:\Program Files\Java\jdk1.8.0_311\jre\bin\net.dll
0x00007ffb2f0a0000 - 0x00007ffb2f10a000 	C:\Windows\system32\mswsock.dll
0x00007ffb19190000 - 0x00007ffb191a3000 	C:\Program Files\Java\jdk1.8.0_311\jre\bin\nio.dll
0x00007ffb1cfa0000 - 0x00007ffb1cfc7000 	C:\Users\ms\.gradle\native\fdc75f09e3144964f2cf3f50f0aa648679c211496f362492102eb8c894070792\windows-amd64\native-platform.dll
0x00007ffad6a30000 - 0x00007ffad6bc6000 	C:\Users\ms\.gradle\native\12488b8bf47d2d4c9fbf2f6322a914ad602e24e48041cd04a747c6da556b65c4\windows-amd64\native-platform-file-events.dll
0x00007ffb13bd0000 - 0x00007ffb13bdd000 	C:\Program Files\Java\jdk1.8.0_311\jre\bin\management.dll
0x00007ffb2f290000 - 0x00007ffb2f2a8000 	C:\Windows\SYSTEM32\CRYPTSP.dll
0x00007ffb2e9b0000 - 0x00007ffb2e9e4000 	C:\Windows\system32\rsaenh.dll
0x00007ffb2f900000 - 0x00007ffb2f927000 	C:\Windows\System32\bcrypt.dll
0x00007ffb2f7d0000 - 0x00007ffb2f7fe000 	C:\Windows\SYSTEM32\USERENV.dll
0x00007ffb2feb0000 - 0x00007ffb2ff32000 	C:\Windows\System32\bcryptprimitives.dll
0x00007ffb2f2b0000 - 0x00007ffb2f2bc000 	C:\Windows\SYSTEM32\CRYPTBASE.dll
0x00007ffb2ed40000 - 0x00007ffb2ed7b000 	C:\Windows\SYSTEM32\IPHLPAPI.DLL
0x00007ffb310a0000 - 0x00007ffb310a8000 	C:\Windows\System32\NSI.dll
0x00007ffb26e30000 - 0x00007ffb26e47000 	C:\Windows\SYSTEM32\dhcpcsvc6.DLL
0x00007ffb27bb0000 - 0x00007ffb27bcd000 	C:\Windows\SYSTEM32\dhcpcsvc.DLL
0x00007ffb2ed80000 - 0x00007ffb2ee4b000 	C:\Windows\SYSTEM32\DNSAPI.dll
0x00007ffb28490000 - 0x00007ffb2849b000 	C:\Windows\SYSTEM32\WINNSI.DLL
0x00007ffb13a40000 - 0x00007ffb13a64000 	C:\Program Files\Java\jdk1.8.0_311\jre\bin\sunec.dll
0x00007ffb284a0000 - 0x00007ffb284aa000 	C:\Windows\System32\rasadhlp.dll
0x00007ffb1d2d0000 - 0x00007ffb1d34f000 	C:\Windows\System32\fwpuclnt.dll
0x00007ffb1aea0000 - 0x00007ffb1aead000 	C:\Program Files\Java\jdk1.8.0_311\jre\bin\sunmscapi.dll
0x00007ffb2fce0000 - 0x00007ffb2fe36000 	C:\Windows\System32\CRYPT32.dll
0x00007ffb2f3b0000 - 0x00007ffb2f3d7000 	C:\Windows\SYSTEM32\ncrypt.dll
0x00007ffb2f370000 - 0x00007ffb2f3ab000 	C:\Windows\SYSTEM32\NTASN1.dll
0x00007ffb2e5e0000 - 0x00007ffb2e613000 	C:\Windows\SYSTEM32\ntmarta.dll
0x00007ffb11680000 - 0x00007ffb1169e000 	C:\Users\ms\AppData\Local\Temp\native-platform1515805100805424769dir\native-platform.dll
0x00007ffb0fb30000 - 0x00007ffb0fb47000 	C:\Windows\system32\napinsp.dll
0x00007ffb0c580000 - 0x00007ffb0c59b000 	C:\Windows\system32\pnrpnsp.dll
0x00007ffb2a610000 - 0x00007ffb2a625000 	C:\Windows\system32\wshbth.dll
0x00007ffb2af20000 - 0x00007ffb2af3d000 	C:\Windows\system32\NLAapi.dll
0x00007ffb0c560000 - 0x00007ffb0c572000 	C:\Windows\System32\winrnr.dll
0x00007ffb2cd70000 - 0x00007ffb2ce00000 	C:\Windows\system32\apphelp.dll
0x00007ffb2d6d0000 - 0x00007ffb2d8b4000 	C:\Windows\SYSTEM32\dbghelp.dll

VM Arguments:
jvm_args: -Xmx4g -Dfile.encoding=windows-1252 -Duser.country=US -Duser.language=en -Duser.variant 
java_command: org.gradle.launcher.daemon.bootstrap.GradleDaemon 6.7.1
java_class_path (initial): C:\Users\ms\.gradle\wrapper\dists\gradle-6.7.1-bin\bwlcbys1h7rz3272sye1xwiv6\gradle-6.7.1\lib\gradle-launcher-6.7.1.jar
Launcher Type: SUN_STANDARD

Environment Variables:
JAVA_HOME=C:\Program Files\Java\jre1.8.0_311
CLASSPATH=D:\hales-sparrow\bchat-android\\gradle\wrapper\gradle-wrapper.jar
PATH=C:\Windows\system32;C:\Windows;C:\Windows\System32\Wbem;C:\Windows\System32\WindowsPowerShell\v1.0\;C:\Windows\System32\OpenSSH\;C:\Program Files\Git\cmd;%JAVA_HOME$\bin;C:\Users\ms\AppData\Local\Android\Sdk\platform-tools;C:\Users\ms\AppData\Local\Microsoft\WindowsApps;C:\Program Files\Java\jre1.8.0_311\bin;;C:\Users\ms\AppData\Local\Programs\Microsoft VS Code\bin
USERNAME=ms
OS=Windows_NT
PROCESSOR_IDENTIFIER=Intel64 Family 6 Model 165 Stepping 2, GenuineIntel



---------------  S Y S T E M  ---------------

OS: Windows 10.0 , 64 bit Build 19041 (10.0.19041.1645)

CPU:total 8 (initial active 8) (4 cores per cpu, 2 threads per core) family 6 model 165 stepping 2, cmov, cx8, fxsr, mmx, sse, sse2, sse3, ssse3, sse4.1, sse4.2, popcnt, avx, avx2, aes, clmul, erms, 3dnowpref, lzcnt, ht, tsc, tscinvbit, bmi1, bmi2, adx

Memory: 4k page, physical 8221704k(1252592k free), swap 33387528k(3784k free)

vm_info: Java HotSpot(TM) 64-Bit Server VM (25.311-b11) for windows-amd64 JRE (1.8.0_311-b11), built on Sep 27 2021 05:15:14 by "java_re" with MS VC++ 15.9 (VS2017)

time: Fri Jul 22 14:46:06 2022
timezone: India Standard Time
elapsed time: 153.576341 seconds (0d 0h 2m 33s)

